[2025-12-03 11:25:11] Starting scrape...
[2025-12-03 11:25:11] Fetching listing page...
[2025-12-03 11:25:11]   Fetching: https://systonautosltd.co.uk/vehicle/search/min_price/0/order/price/dir/DESC/limit/250/
[2025-12-03 11:25:12]   CURL error: SSL certificate problem: unable to get local issuer certificate
[2025-12-03 11:25:12] ERROR: Failed to fetch listing page
[2025-12-03 11:25:56] Starting scrape...
[2025-12-03 11:25:56] Fetching listing page...
[2025-12-03 11:25:56]   Fetching: https://systonautosltd.co.uk/vehicle/search/min_price/0/order/price/dir/DESC/limit/250/
[2025-12-03 11:25:57] Parsing vehicle cards...
[2025-12-03 11:25:57] Found 164 vehicles
[2025-12-03 11:25:57] Fetching detail pages for full descriptions...
[2025-12-03 11:25:57]   Processing 1/164: volvo-v40-2-0-d4-r-design-nav-plus-euro-6-s-s-5dr
[2025-12-03 11:25:57]   Fetching: https://systonautosltd.co.uk/vehicle/name/volvo-v40-2-0-d4-r-design-nav-plus-euro-6-s-s-5dr/
[2025-12-03 11:26:00]   Processing 2/164: volvo-v40-2-0-d4-r-design-nav-plus-euro-6-s-s-5dr
[2025-12-03 11:26:00]   Fetching: https://systonautosltd.co.uk/vehicle/name/volvo-v40-2-0-d4-r-design-nav-plus-euro-6-s-s-5dr/
[2025-12-03 11:26:02]   Processing 3/164: nissan-micra-1-2-acenta-cvt-euro-5-5dr
[2025-12-03 11:26:02]   Fetching: https://systonautosltd.co.uk/vehicle/name/nissan-micra-1-2-acenta-cvt-euro-5-5dr/
[2025-12-03 11:26:05]   Processing 4/164: nissan-micra-1-2-acenta-cvt-euro-5-5dr
[2025-12-03 11:26:05]   Fetching: https://systonautosltd.co.uk/vehicle/name/nissan-micra-1-2-acenta-cvt-euro-5-5dr/
[2025-12-03 11:26:08]   Processing 5/164: mercedes-benz-e-class-2-1-e300dh-bluetec-g-tronic-euro-5-s-s-4dr
[2025-12-03 11:26:08]   Fetching: https://systonautosltd.co.uk/vehicle/name/mercedes-benz-e-class-2-1-e300dh-bluetec-g-tronic-euro-5-s-s-4dr/
[2025-12-03 11:26:10]   Processing 6/164: mercedes-benz-e-class-2-1-e300dh-bluetec-g-tronic-euro-5-s-s-4dr
[2025-12-03 11:26:10]   Fetching: https://systonautosltd.co.uk/vehicle/name/mercedes-benz-e-class-2-1-e300dh-bluetec-g-tronic-euro-5-s-s-4dr/
[2025-12-03 11:26:13]   Processing 7/164: vauxhall-astra-1-6-cdti-blueinjection-elite-nav-euro-6-s-s-5dr
[2025-12-03 11:26:13]   Fetching: https://systonautosltd.co.uk/vehicle/name/vauxhall-astra-1-6-cdti-blueinjection-elite-nav-euro-6-s-s-5dr/
[2025-12-03 11:26:15]   Processing 8/164: vauxhall-astra-1-6-cdti-blueinjection-elite-nav-euro-6-s-s-5dr
[2025-12-03 11:26:15]   Fetching: https://systonautosltd.co.uk/vehicle/name/vauxhall-astra-1-6-cdti-blueinjection-elite-nav-euro-6-s-s-5dr/
[2025-12-03 11:26:18]   Processing 9/164: hyundai-ix35-2-0-crdi-premium-4wd-euro-5-5dr-3
[2025-12-03 11:26:18]   Fetching: https://systonautosltd.co.uk/vehicle/name/hyundai-ix35-2-0-crdi-premium-4wd-euro-5-5dr-3/
[2025-12-03 11:26:21]   Processing 10/164: hyundai-ix35-2-0-crdi-premium-4wd-euro-5-5dr-3
[2025-12-03 11:26:21]   Fetching: https://systonautosltd.co.uk/vehicle/name/hyundai-ix35-2-0-crdi-premium-4wd-euro-5-5dr-3/
[2025-12-03 11:26:23]   Processing 11/164: alfa-romeo-giulietta-2-0-jtdm-2-exclusive-euro-5-s-s-5dr
[2025-12-03 11:26:23]   Fetching: https://systonautosltd.co.uk/vehicle/name/alfa-romeo-giulietta-2-0-jtdm-2-exclusive-euro-5-s-s-5dr/
[2025-12-03 11:26:26]   Processing 12/164: alfa-romeo-giulietta-2-0-jtdm-2-exclusive-euro-5-s-s-5dr
[2025-12-03 11:26:26]   Fetching: https://systonautosltd.co.uk/vehicle/name/alfa-romeo-giulietta-2-0-jtdm-2-exclusive-euro-5-s-s-5dr/
[2025-12-03 11:26:28]   Processing 13/164: land-rover-range-rover-evoque-2-2-sd4-dynamic-4wd-euro-5-s-s-3dr
[2025-12-03 11:26:28]   Fetching: https://systonautosltd.co.uk/vehicle/name/land-rover-range-rover-evoque-2-2-sd4-dynamic-4wd-euro-5-s-s-3dr/
[2025-12-03 11:26:31]   Processing 14/164: land-rover-range-rover-evoque-2-2-sd4-dynamic-4wd-euro-5-s-s-3dr
[2025-12-03 11:26:31]   Fetching: https://systonautosltd.co.uk/vehicle/name/land-rover-range-rover-evoque-2-2-sd4-dynamic-4wd-euro-5-s-s-3dr/
[2025-12-03 11:26:34]   Processing 15/164: audi-q3-2-0-tdi-se-euro-6-s-s-5dr
[2025-12-03 11:26:34]   Fetching: https://systonautosltd.co.uk/vehicle/name/audi-q3-2-0-tdi-se-euro-6-s-s-5dr/
[2025-12-03 11:26:36]   Processing 16/164: audi-q3-2-0-tdi-se-euro-6-s-s-5dr
[2025-12-03 11:26:36]   Fetching: https://systonautosltd.co.uk/vehicle/name/audi-q3-2-0-tdi-se-euro-6-s-s-5dr/
[2025-12-03 11:26:39]   Processing 17/164: suzuki-swift-1-2-sz3-euro-5-5dr
[2025-12-03 11:26:39]   Fetching: https://systonautosltd.co.uk/vehicle/name/suzuki-swift-1-2-sz3-euro-5-5dr/
[2025-12-03 11:26:41]   Processing 18/164: suzuki-swift-1-2-sz3-euro-5-5dr
[2025-12-03 11:26:41]   Fetching: https://systonautosltd.co.uk/vehicle/name/suzuki-swift-1-2-sz3-euro-5-5dr/
[2025-12-03 11:26:44]   Processing 19/164: audi-q3-2-0-tdi-s-line-euro-5-s-s-5dr
[2025-12-03 11:26:44]   Fetching: https://systonautosltd.co.uk/vehicle/name/audi-q3-2-0-tdi-s-line-euro-5-s-s-5dr/
[2025-12-03 11:26:47]   Processing 20/164: audi-q3-2-0-tdi-s-line-euro-5-s-s-5dr
[2025-12-03 11:26:47]   Fetching: https://systonautosltd.co.uk/vehicle/name/audi-q3-2-0-tdi-s-line-euro-5-s-s-5dr/
[2025-12-03 11:26:49]   Processing 21/164: jeep-cherokee-2-0-crd-longitude-plus-euro-5-s-s-5dr
[2025-12-03 11:26:49]   Fetching: https://systonautosltd.co.uk/vehicle/name/jeep-cherokee-2-0-crd-longitude-plus-euro-5-s-s-5dr/
[2025-12-03 11:26:52]   Processing 22/164: jeep-cherokee-2-0-crd-longitude-plus-euro-5-s-s-5dr
[2025-12-03 11:26:52]   Fetching: https://systonautosltd.co.uk/vehicle/name/jeep-cherokee-2-0-crd-longitude-plus-euro-5-s-s-5dr/
[2025-12-03 11:26:54]   Processing 23/164: jaguar-xf-2-2d-se-auto-euro-5-s-s-4dr
[2025-12-03 11:26:54]   Fetching: https://systonautosltd.co.uk/vehicle/name/jaguar-xf-2-2d-se-auto-euro-5-s-s-4dr/
[2025-12-03 11:26:57]   Processing 24/164: jaguar-xf-2-2d-se-auto-euro-5-s-s-4dr
[2025-12-03 11:26:57]   Fetching: https://systonautosltd.co.uk/vehicle/name/jaguar-xf-2-2d-se-auto-euro-5-s-s-4dr/
[2025-12-03 11:27:00]   Processing 25/164: nissan-micra-0-9-ig-t-n-connecta-euro-6-s-s-5dr
[2025-12-03 11:27:00]   Fetching: https://systonautosltd.co.uk/vehicle/name/nissan-micra-0-9-ig-t-n-connecta-euro-6-s-s-5dr/
[2025-12-03 11:27:02]   Processing 26/164: nissan-micra-0-9-ig-t-n-connecta-euro-6-s-s-5dr
[2025-12-03 11:27:02]   Fetching: https://systonautosltd.co.uk/vehicle/name/nissan-micra-0-9-ig-t-n-connecta-euro-6-s-s-5dr/
[2025-12-03 11:27:05]   Processing 27/164: bmw-x1-2-0-18d-m-sport-sdrive-euro-5-s-s-5dr
[2025-12-03 11:27:05]   Fetching: https://systonautosltd.co.uk/vehicle/name/bmw-x1-2-0-18d-m-sport-sdrive-euro-5-s-s-5dr/
[2025-12-03 11:27:07]   Processing 28/164: bmw-x1-2-0-18d-m-sport-sdrive-euro-5-s-s-5dr
[2025-12-03 11:27:07]   Fetching: https://systonautosltd.co.uk/vehicle/name/bmw-x1-2-0-18d-m-sport-sdrive-euro-5-s-s-5dr/
[2025-12-03 11:27:10]   Processing 29/164: volvo-v40-2-0-d2-momentum-euro-6-s-s-5dr
[2025-12-03 11:27:10]   Fetching: https://systonautosltd.co.uk/vehicle/name/volvo-v40-2-0-d2-momentum-euro-6-s-s-5dr/
[2025-12-03 11:27:13]   Processing 30/164: volvo-v40-2-0-d2-momentum-euro-6-s-s-5dr
[2025-12-03 11:27:13]   Fetching: https://systonautosltd.co.uk/vehicle/name/volvo-v40-2-0-d2-momentum-euro-6-s-s-5dr/
[2025-12-03 11:27:15]   Processing 31/164: kia-sportage-2-0-crdi-kx-4-awd-euro-5-5dr
[2025-12-03 11:27:15]   Fetching: https://systonautosltd.co.uk/vehicle/name/kia-sportage-2-0-crdi-kx-4-awd-euro-5-5dr/
[2025-12-03 11:27:18]   Processing 32/164: kia-sportage-2-0-crdi-kx-4-awd-euro-5-5dr
[2025-12-03 11:27:18]   Fetching: https://systonautosltd.co.uk/vehicle/name/kia-sportage-2-0-crdi-kx-4-awd-euro-5-5dr/
[2025-12-03 11:27:21]   Processing 33/164: mini-hatch-1-5-cooper-euro-6-s-s-5dr
[2025-12-03 11:27:21]   Fetching: https://systonautosltd.co.uk/vehicle/name/mini-hatch-1-5-cooper-euro-6-s-s-5dr/
[2025-12-03 11:27:23]   Processing 34/164: mini-hatch-1-5-cooper-euro-6-s-s-5dr
[2025-12-03 11:27:23]   Fetching: https://systonautosltd.co.uk/vehicle/name/mini-hatch-1-5-cooper-euro-6-s-s-5dr/
[2025-12-03 11:27:26]   Processing 35/164: kia-sportage-1-7-crdi-1-euro-6-s-s-5dr
[2025-12-03 11:27:26]   Fetching: https://systonautosltd.co.uk/vehicle/name/kia-sportage-1-7-crdi-1-euro-6-s-s-5dr/
[2025-12-03 11:27:29]   Processing 36/164: kia-sportage-1-7-crdi-1-euro-6-s-s-5dr
[2025-12-03 11:27:29]   Fetching: https://systonautosltd.co.uk/vehicle/name/kia-sportage-1-7-crdi-1-euro-6-s-s-5dr/
[2025-12-03 11:27:31]   Processing 37/164: honda-civic-1-6-i-dtec-sr-euro-5-s-s-5dr
[2025-12-03 11:27:31]   Fetching: https://systonautosltd.co.uk/vehicle/name/honda-civic-1-6-i-dtec-sr-euro-5-s-s-5dr/
[2025-12-03 11:27:34]   Processing 38/164: honda-civic-1-6-i-dtec-sr-euro-5-s-s-5dr
[2025-12-03 11:27:34]   Fetching: https://systonautosltd.co.uk/vehicle/name/honda-civic-1-6-i-dtec-sr-euro-5-s-s-5dr/
[2025-12-03 11:27:37]   Processing 39/164: citroen-c3-1-2-puretech-flair-euro-6-5dr
[2025-12-03 11:27:37]   Fetching: https://systonautosltd.co.uk/vehicle/name/citroen-c3-1-2-puretech-flair-euro-6-5dr/
[2025-12-03 11:27:40]   Processing 40/164: citroen-c3-1-2-puretech-flair-euro-6-5dr
[2025-12-03 11:27:40]   Fetching: https://systonautosltd.co.uk/vehicle/name/citroen-c3-1-2-puretech-flair-euro-6-5dr/
[2025-12-03 11:27:42]   Processing 41/164: vauxhall-mokka-1-4i-turbo-exclusiv-2wd-euro-6-s-s-5dr
[2025-12-03 11:27:42]   Fetching: https://systonautosltd.co.uk/vehicle/name/vauxhall-mokka-1-4i-turbo-exclusiv-2wd-euro-6-s-s-5dr/
[2025-12-03 11:27:45]   Processing 42/164: vauxhall-mokka-1-4i-turbo-exclusiv-2wd-euro-6-s-s-5dr
[2025-12-03 11:27:45]   Fetching: https://systonautosltd.co.uk/vehicle/name/vauxhall-mokka-1-4i-turbo-exclusiv-2wd-euro-6-s-s-5dr/
[2025-12-03 11:27:47]   Processing 43/164: renault-clio-1-5-dci-dynamique-nav-euro-6-s-s-5dr
[2025-12-03 11:27:47]   Fetching: https://systonautosltd.co.uk/vehicle/name/renault-clio-1-5-dci-dynamique-nav-euro-6-s-s-5dr/
[2025-12-03 11:27:50]   Processing 44/164: renault-clio-1-5-dci-dynamique-nav-euro-6-s-s-5dr
[2025-12-03 11:27:50]   Fetching: https://systonautosltd.co.uk/vehicle/name/renault-clio-1-5-dci-dynamique-nav-euro-6-s-s-5dr/
[2025-12-03 11:27:53]   Processing 45/164: renault-kadjar-1-5-dci-dynamique-s-nav-euro-6-s-s-5dr
[2025-12-03 11:27:53]   Fetching: https://systonautosltd.co.uk/vehicle/name/renault-kadjar-1-5-dci-dynamique-s-nav-euro-6-s-s-5dr/
[2025-12-03 11:27:55]   Processing 46/164: renault-kadjar-1-5-dci-dynamique-s-nav-euro-6-s-s-5dr
[2025-12-03 11:27:55]   Fetching: https://systonautosltd.co.uk/vehicle/name/renault-kadjar-1-5-dci-dynamique-s-nav-euro-6-s-s-5dr/
[2025-12-03 11:27:58]   Processing 47/164: alfa-romeo-giulietta-1-6-jtdm-2-tecnica-euro-6-s-s-5dr
[2025-12-03 11:27:58]   Fetching: https://systonautosltd.co.uk/vehicle/name/alfa-romeo-giulietta-1-6-jtdm-2-tecnica-euro-6-s-s-5dr/
[2025-12-03 11:28:00]   Processing 48/164: alfa-romeo-giulietta-1-6-jtdm-2-tecnica-euro-6-s-s-5dr
[2025-12-03 11:28:00]   Fetching: https://systonautosltd.co.uk/vehicle/name/alfa-romeo-giulietta-1-6-jtdm-2-tecnica-euro-6-s-s-5dr/
[2025-12-03 11:28:03]   Processing 49/164: vauxhall-mokka-1-6i-design-nav-euro-6-s-s-5dr
[2025-12-03 11:28:03]   Fetching: https://systonautosltd.co.uk/vehicle/name/vauxhall-mokka-1-6i-design-nav-euro-6-s-s-5dr/
[2025-12-03 11:28:06]   Processing 50/164: vauxhall-mokka-1-6i-design-nav-euro-6-s-s-5dr
[2025-12-03 11:28:06]   Fetching: https://systonautosltd.co.uk/vehicle/name/vauxhall-mokka-1-6i-design-nav-euro-6-s-s-5dr/
[2025-12-03 11:28:08]   Processing 51/164: suzuki-swift-1-2-sz2-euro-5-5dr
[2025-12-03 11:28:08]   Fetching: https://systonautosltd.co.uk/vehicle/name/suzuki-swift-1-2-sz2-euro-5-5dr/
[2025-12-03 11:28:11]   Processing 52/164: suzuki-swift-1-2-sz2-euro-5-5dr
[2025-12-03 11:28:11]   Fetching: https://systonautosltd.co.uk/vehicle/name/suzuki-swift-1-2-sz2-euro-5-5dr/
[2025-12-03 11:28:14]   Processing 53/164: seat-ibiza-1-2-tsi-fr-sport-coupe-euro-6-3dr
[2025-12-03 11:28:14]   Fetching: https://systonautosltd.co.uk/vehicle/name/seat-ibiza-1-2-tsi-fr-sport-coupe-euro-6-3dr/
[2025-12-03 11:28:16]   Processing 54/164: seat-ibiza-1-2-tsi-fr-sport-coupe-euro-6-3dr
[2025-12-03 11:28:16]   Fetching: https://systonautosltd.co.uk/vehicle/name/seat-ibiza-1-2-tsi-fr-sport-coupe-euro-6-3dr/
[2025-12-03 11:28:19]   Processing 55/164: ford-c-max-2-0-tdci-titanium-powershift-euro-5-5dr
[2025-12-03 11:28:19]   Fetching: https://systonautosltd.co.uk/vehicle/name/ford-c-max-2-0-tdci-titanium-powershift-euro-5-5dr/
[2025-12-03 11:28:22]   Processing 56/164: ford-c-max-2-0-tdci-titanium-powershift-euro-5-5dr
[2025-12-03 11:28:22]   Fetching: https://systonautosltd.co.uk/vehicle/name/ford-c-max-2-0-tdci-titanium-powershift-euro-5-5dr/
[2025-12-03 11:28:24]   Processing 57/164: kia-ceed-1-6-t-gdi-gt-tech-euro-5-5dr
[2025-12-03 11:28:24]   Fetching: https://systonautosltd.co.uk/vehicle/name/kia-ceed-1-6-t-gdi-gt-tech-euro-5-5dr/
[2025-12-03 11:28:27]   Processing 58/164: kia-ceed-1-6-t-gdi-gt-tech-euro-5-5dr
[2025-12-03 11:28:27]   Fetching: https://systonautosltd.co.uk/vehicle/name/kia-ceed-1-6-t-gdi-gt-tech-euro-5-5dr/
[2025-12-03 11:28:29]   Processing 59/164: jeep-renegade-1-4t-multiairii-longitude-euro-6-s-s-5dr
[2025-12-03 11:28:29]   Fetching: https://systonautosltd.co.uk/vehicle/name/jeep-renegade-1-4t-multiairii-longitude-euro-6-s-s-5dr/
[2025-12-03 11:28:32]   Processing 60/164: jeep-renegade-1-4t-multiairii-longitude-euro-6-s-s-5dr
[2025-12-03 11:28:32]   Fetching: https://systonautosltd.co.uk/vehicle/name/jeep-renegade-1-4t-multiairii-longitude-euro-6-s-s-5dr/
[2025-12-03 11:28:35]   Processing 61/164: seat-leon-1-4-tsi-se-sport-tourer-euro-6-s-s-5dr
[2025-12-03 11:28:35]   Fetching: https://systonautosltd.co.uk/vehicle/name/seat-leon-1-4-tsi-se-sport-tourer-euro-6-s-s-5dr/
[2025-12-03 11:28:37]   Processing 62/164: seat-leon-1-4-tsi-se-sport-tourer-euro-6-s-s-5dr
[2025-12-03 11:28:37]   Fetching: https://systonautosltd.co.uk/vehicle/name/seat-leon-1-4-tsi-se-sport-tourer-euro-6-s-s-5dr/
[2025-12-03 11:28:40]   Processing 63/164: mini-countryman-1-6-cooper-d-euro-5-s-s-5dr
[2025-12-03 11:28:40]   Fetching: https://systonautosltd.co.uk/vehicle/name/mini-countryman-1-6-cooper-d-euro-5-s-s-5dr/
[2025-12-03 11:28:42]   Processing 64/164: mini-countryman-1-6-cooper-d-euro-5-s-s-5dr
[2025-12-03 11:28:42]   Fetching: https://systonautosltd.co.uk/vehicle/name/mini-countryman-1-6-cooper-d-euro-5-s-s-5dr/
[2025-12-03 11:28:45]   Processing 65/164: renault-captur-0-9-tce-energy-dynamique-s-nav-euro-6-s-s-5dr
[2025-12-03 11:28:45]   Fetching: https://systonautosltd.co.uk/vehicle/name/renault-captur-0-9-tce-energy-dynamique-s-nav-euro-6-s-s-5dr/
[2025-12-03 11:28:48]   Processing 66/164: renault-captur-0-9-tce-energy-dynamique-s-nav-euro-6-s-s-5dr
[2025-12-03 11:28:48]   Fetching: https://systonautosltd.co.uk/vehicle/name/renault-captur-0-9-tce-energy-dynamique-s-nav-euro-6-s-s-5dr/
[2025-12-03 11:28:50]   Processing 67/164: bmw-x1-2-0-18d-m-sport-xdrive-euro-5-s-s-5dr
[2025-12-03 11:28:50]   Fetching: https://systonautosltd.co.uk/vehicle/name/bmw-x1-2-0-18d-m-sport-xdrive-euro-5-s-s-5dr/
[2025-12-03 11:28:53]   Processing 68/164: bmw-x1-2-0-18d-m-sport-xdrive-euro-5-s-s-5dr
[2025-12-03 11:28:53]   Fetching: https://systonautosltd.co.uk/vehicle/name/bmw-x1-2-0-18d-m-sport-xdrive-euro-5-s-s-5dr/
[2025-12-03 11:28:55]   Processing 69/164: citroen-c4-picasso-2-0-bluehdi-exclusive-euro-6-s-s-5dr
[2025-12-03 11:28:55]   Fetching: https://systonautosltd.co.uk/vehicle/name/citroen-c4-picasso-2-0-bluehdi-exclusive-euro-6-s-s-5dr/
[2025-12-03 11:28:58]   Processing 70/164: citroen-c4-picasso-2-0-bluehdi-exclusive-euro-6-s-s-5dr
[2025-12-03 11:28:58]   Fetching: https://systonautosltd.co.uk/vehicle/name/citroen-c4-picasso-2-0-bluehdi-exclusive-euro-6-s-s-5dr/
[2025-12-03 11:29:01]   Processing 71/164: ds-automobiles-3-1-2-puretech-performance-line-euro-6-s-s-3dr
[2025-12-03 11:29:01]   Fetching: https://systonautosltd.co.uk/vehicle/name/ds-automobiles-3-1-2-puretech-performance-line-euro-6-s-s-3dr/
[2025-12-03 11:29:03]   Processing 72/164: ds-automobiles-3-1-2-puretech-performance-line-euro-6-s-s-3dr
[2025-12-03 11:29:03]   Fetching: https://systonautosltd.co.uk/vehicle/name/ds-automobiles-3-1-2-puretech-performance-line-euro-6-s-s-3dr/
[2025-12-03 11:29:06]   Processing 73/164: toyota-yaris-1-33-dual-vvt-i-icon-euro-5-5dr-euro-5
[2025-12-03 11:29:06]   Fetching: https://systonautosltd.co.uk/vehicle/name/toyota-yaris-1-33-dual-vvt-i-icon-euro-5-5dr-euro-5/
[2025-12-03 11:29:08]   Processing 74/164: toyota-yaris-1-33-dual-vvt-i-icon-euro-5-5dr-euro-5
[2025-12-03 11:29:08]   Fetching: https://systonautosltd.co.uk/vehicle/name/toyota-yaris-1-33-dual-vvt-i-icon-euro-5-5dr-euro-5/
[2025-12-03 11:29:11]   Processing 75/164: renault-captur-0-9-tce-energy-dynamique-medianav-euro-5-s-s-5dr
[2025-12-03 11:29:11]   Fetching: https://systonautosltd.co.uk/vehicle/name/renault-captur-0-9-tce-energy-dynamique-medianav-euro-5-s-s-5dr/
[2025-12-03 11:29:14]   Processing 76/164: renault-captur-0-9-tce-energy-dynamique-medianav-euro-5-s-s-5dr
[2025-12-03 11:29:14]   Fetching: https://systonautosltd.co.uk/vehicle/name/renault-captur-0-9-tce-energy-dynamique-medianav-euro-5-s-s-5dr/
[2025-12-03 11:29:16]   Processing 77/164: peugeot-3008-1-6-bluehdi-allure-euro-6-s-s-5dr
[2025-12-03 11:29:16]   Fetching: https://systonautosltd.co.uk/vehicle/name/peugeot-3008-1-6-bluehdi-allure-euro-6-s-s-5dr/
[2025-12-03 11:29:19]   Processing 78/164: peugeot-3008-1-6-bluehdi-allure-euro-6-s-s-5dr
[2025-12-03 11:29:19]   Fetching: https://systonautosltd.co.uk/vehicle/name/peugeot-3008-1-6-bluehdi-allure-euro-6-s-s-5dr/
[2025-12-03 11:29:22]   Processing 79/164: ford-kuga-2-0-tdci-titanium-2wd-euro-5-5dr
[2025-12-03 11:29:22]   Fetching: https://systonautosltd.co.uk/vehicle/name/ford-kuga-2-0-tdci-titanium-2wd-euro-5-5dr/
[2025-12-03 11:29:24]   Processing 80/164: ford-kuga-2-0-tdci-titanium-2wd-euro-5-5dr
[2025-12-03 11:29:24]   Fetching: https://systonautosltd.co.uk/vehicle/name/ford-kuga-2-0-tdci-titanium-2wd-euro-5-5dr/
[2025-12-03 11:29:27]   Processing 81/164: vauxhall-astra-1-6-cdti-ecoflex-design-euro-6-s-s-5dr
[2025-12-03 11:29:27]   Fetching: https://systonautosltd.co.uk/vehicle/name/vauxhall-astra-1-6-cdti-ecoflex-design-euro-6-s-s-5dr/
[2025-12-03 11:29:29]   Processing 82/164: vauxhall-astra-1-6-cdti-ecoflex-design-euro-6-s-s-5dr
[2025-12-03 11:29:29]   Fetching: https://systonautosltd.co.uk/vehicle/name/vauxhall-astra-1-6-cdti-ecoflex-design-euro-6-s-s-5dr/
[2025-12-03 11:29:32]   Processing 83/164: volkswagen-up-1-0-move-up-euro-6-5dr
[2025-12-03 11:29:32]   Fetching: https://systonautosltd.co.uk/vehicle/name/volkswagen-up-1-0-move-up-euro-6-5dr/
[2025-12-03 11:29:35]   Processing 84/164: volkswagen-up-1-0-move-up-euro-6-5dr
[2025-12-03 11:29:35]   Fetching: https://systonautosltd.co.uk/vehicle/name/volkswagen-up-1-0-move-up-euro-6-5dr/
[2025-12-03 11:29:37]   Processing 85/164: renault-grand-scenic-1-5-dci-dynamique-nav-euro-6-s-s-5dr
[2025-12-03 11:29:37]   Fetching: https://systonautosltd.co.uk/vehicle/name/renault-grand-scenic-1-5-dci-dynamique-nav-euro-6-s-s-5dr/
[2025-12-03 11:29:40]   Processing 86/164: renault-grand-scenic-1-5-dci-dynamique-nav-euro-6-s-s-5dr
[2025-12-03 11:29:40]   Fetching: https://systonautosltd.co.uk/vehicle/name/renault-grand-scenic-1-5-dci-dynamique-nav-euro-6-s-s-5dr/
[2025-12-03 11:29:42]   Processing 87/164: nissan-qashqai-1-2-dig-t-acenta-2wd-euro-5-s-s-5dr-2
[2025-12-03 11:29:42]   Fetching: https://systonautosltd.co.uk/vehicle/name/nissan-qashqai-1-2-dig-t-acenta-2wd-euro-5-s-s-5dr-2/
[2025-12-03 11:29:45]   Processing 88/164: nissan-qashqai-1-2-dig-t-acenta-2wd-euro-5-s-s-5dr-2
[2025-12-03 11:29:45]   Fetching: https://systonautosltd.co.uk/vehicle/name/nissan-qashqai-1-2-dig-t-acenta-2wd-euro-5-s-s-5dr-2/
[2025-12-03 11:29:48]   Processing 89/164: ford-fiesta-1-0t-ecoboost-zetec-s-euro-6-s-s-3dr
[2025-12-03 11:29:48]   Fetching: https://systonautosltd.co.uk/vehicle/name/ford-fiesta-1-0t-ecoboost-zetec-s-euro-6-s-s-3dr/
[2025-12-03 11:29:50]   Processing 90/164: ford-fiesta-1-0t-ecoboost-zetec-s-euro-6-s-s-3dr
[2025-12-03 11:29:50]   Fetching: https://systonautosltd.co.uk/vehicle/name/ford-fiesta-1-0t-ecoboost-zetec-s-euro-6-s-s-3dr/
[2025-12-03 11:29:53]   Processing 91/164: citroen-c4-cactus-1-2-puretech-flair-edition-euro-6-5dr
[2025-12-03 11:29:53]   Fetching: https://systonautosltd.co.uk/vehicle/name/citroen-c4-cactus-1-2-puretech-flair-edition-euro-6-5dr/
[2025-12-03 11:29:55]   Processing 92/164: citroen-c4-cactus-1-2-puretech-flair-edition-euro-6-5dr
[2025-12-03 11:29:55]   Fetching: https://systonautosltd.co.uk/vehicle/name/citroen-c4-cactus-1-2-puretech-flair-edition-euro-6-5dr/
[2025-12-03 11:29:58]   Processing 93/164: ssangyong-tivoli-1-6-e-xdi-elx-red-edition-euro-6-5dr
[2025-12-03 11:29:58]   Fetching: https://systonautosltd.co.uk/vehicle/name/ssangyong-tivoli-1-6-e-xdi-elx-red-edition-euro-6-5dr/
[2025-12-03 11:30:01]   Processing 94/164: ssangyong-tivoli-1-6-e-xdi-elx-red-edition-euro-6-5dr
[2025-12-03 11:30:01]   Fetching: https://systonautosltd.co.uk/vehicle/name/ssangyong-tivoli-1-6-e-xdi-elx-red-edition-euro-6-5dr/
[2025-12-03 11:30:03]   Processing 95/164: vauxhall-2-2-cdti-se-4wd-euro-5-s-s-5dr-snav
[2025-12-03 11:30:03]   Fetching: https://systonautosltd.co.uk/vehicle/name/vauxhall-2-2-cdti-se-4wd-euro-5-s-s-5dr-snav/
[2025-12-03 11:30:07]   Processing 96/164: vauxhall-2-2-cdti-se-4wd-euro-5-s-s-5dr-snav
[2025-12-03 11:30:07]   Fetching: https://systonautosltd.co.uk/vehicle/name/vauxhall-2-2-cdti-se-4wd-euro-5-s-s-5dr-snav/
[2025-12-03 11:30:10]   Processing 97/164: mini-countryman-2-0-cooper-sd-all4-euro-5-s-s-5dr
[2025-12-03 11:30:10]   Fetching: https://systonautosltd.co.uk/vehicle/name/mini-countryman-2-0-cooper-sd-all4-euro-5-s-s-5dr/
[2025-12-03 11:30:12]   Processing 98/164: mini-countryman-2-0-cooper-sd-all4-euro-5-s-s-5dr
[2025-12-03 11:30:12]   Fetching: https://systonautosltd.co.uk/vehicle/name/mini-countryman-2-0-cooper-sd-all4-euro-5-s-s-5dr/
[2025-12-03 11:30:15]   Processing 99/164: vauxhall-mokka-1-7-cdti-exclusiv-2wd-euro-5-s-s-5dr
[2025-12-03 11:30:15]   Fetching: https://systonautosltd.co.uk/vehicle/name/vauxhall-mokka-1-7-cdti-exclusiv-2wd-euro-5-s-s-5dr/
[2025-12-03 11:30:17]   Processing 100/164: vauxhall-mokka-1-7-cdti-exclusiv-2wd-euro-5-s-s-5dr
[2025-12-03 11:30:17]   Fetching: https://systonautosltd.co.uk/vehicle/name/vauxhall-mokka-1-7-cdti-exclusiv-2wd-euro-5-s-s-5dr/
[2025-12-03 11:30:20]   Processing 101/164: vauxhall-insignia-1-6-cdti-ecoflex-design-nav-euro-6-s-s-5dr
[2025-12-03 11:30:20]   Fetching: https://systonautosltd.co.uk/vehicle/name/vauxhall-insignia-1-6-cdti-ecoflex-design-nav-euro-6-s-s-5dr/
[2025-12-03 11:30:23]   Processing 102/164: vauxhall-insignia-1-6-cdti-ecoflex-design-nav-euro-6-s-s-5dr
[2025-12-03 11:30:23]   Fetching: https://systonautosltd.co.uk/vehicle/name/vauxhall-insignia-1-6-cdti-ecoflex-design-nav-euro-6-s-s-5dr/
[2025-12-03 11:30:25]   Processing 103/164: citroen-ds4-2-0-bluehdi-dsport-euro-6-s-s-5dr
[2025-12-03 11:30:25]   Fetching: https://systonautosltd.co.uk/vehicle/name/citroen-ds4-2-0-bluehdi-dsport-euro-6-s-s-5dr/
[2025-12-03 11:30:28]   Processing 104/164: citroen-ds4-2-0-bluehdi-dsport-euro-6-s-s-5dr
[2025-12-03 11:30:28]   Fetching: https://systonautosltd.co.uk/vehicle/name/citroen-ds4-2-0-bluehdi-dsport-euro-6-s-s-5dr/
[2025-12-03 11:30:30]   Processing 105/164: vauxhall-adam-1-4i-glam-euro-6-3dr
[2025-12-03 11:30:30]   Fetching: https://systonautosltd.co.uk/vehicle/name/vauxhall-adam-1-4i-glam-euro-6-3dr/
[2025-12-03 11:30:33]   Processing 106/164: vauxhall-adam-1-4i-glam-euro-6-3dr
[2025-12-03 11:30:33]   Fetching: https://systonautosltd.co.uk/vehicle/name/vauxhall-adam-1-4i-glam-euro-6-3dr/
[2025-12-03 11:30:36]   Processing 107/164: vauxhall-antara-2-2-cdti-se-4wd-euro-5-s-s-5dr-snav
[2025-12-03 11:30:36]   Fetching: https://systonautosltd.co.uk/vehicle/name/vauxhall-antara-2-2-cdti-se-4wd-euro-5-s-s-5dr-snav/
[2025-12-03 11:30:38]   Processing 108/164: vauxhall-antara-2-2-cdti-se-4wd-euro-5-s-s-5dr-snav
[2025-12-03 11:30:38]   Fetching: https://systonautosltd.co.uk/vehicle/name/vauxhall-antara-2-2-cdti-se-4wd-euro-5-s-s-5dr-snav/
[2025-12-03 11:30:41]   Processing 109/164: vauxhall-insignia-2-0-cdti-limited-edition-hatchback-5dr-diesel-manual-euro-5-130-ps
[2025-12-03 11:30:41]   Fetching: https://systonautosltd.co.uk/vehicle/name/vauxhall-insignia-2-0-cdti-limited-edition-hatchback-5dr-diesel-manual-euro-5-130-ps/
[2025-12-03 11:30:44]   Processing 110/164: vauxhall-insignia-2-0-cdti-limited-edition-hatchback-5dr-diesel-manual-euro-5-130-ps
[2025-12-03 11:30:44]   Fetching: https://systonautosltd.co.uk/vehicle/name/vauxhall-insignia-2-0-cdti-limited-edition-hatchback-5dr-diesel-manual-euro-5-130-ps/
[2025-12-03 11:30:46]   Processing 111/164: renault-captur-1-5-dci-energy-dynamique-s-medianav-euro-5-s-s-5dr
[2025-12-03 11:30:46]   Fetching: https://systonautosltd.co.uk/vehicle/name/renault-captur-1-5-dci-energy-dynamique-s-medianav-euro-5-s-s-5dr/
[2025-12-03 11:30:49]   Processing 112/164: renault-captur-1-5-dci-energy-dynamique-s-medianav-euro-5-s-s-5dr
[2025-12-03 11:30:49]   Fetching: https://systonautosltd.co.uk/vehicle/name/renault-captur-1-5-dci-energy-dynamique-s-medianav-euro-5-s-s-5dr/
[2025-12-03 11:30:52]   Processing 113/164: vauxhall-corsa-1-4i-ecoflex-energy-euro-6-5dr-a-c
[2025-12-03 11:30:52]   Fetching: https://systonautosltd.co.uk/vehicle/name/vauxhall-corsa-1-4i-ecoflex-energy-euro-6-5dr-a-c/
[2025-12-03 11:30:55]   Processing 114/164: vauxhall-corsa-1-4i-ecoflex-energy-euro-6-5dr-a-c
[2025-12-03 11:30:55]   Fetching: https://systonautosltd.co.uk/vehicle/name/vauxhall-corsa-1-4i-ecoflex-energy-euro-6-5dr-a-c/
[2025-12-03 11:30:58]   Processing 115/164: renault-grand-scenic-1-5-dci-energy-dynamique-tomtom-euro-5-s-s-5dr
[2025-12-03 11:30:58]   Fetching: https://systonautosltd.co.uk/vehicle/name/renault-grand-scenic-1-5-dci-energy-dynamique-tomtom-euro-5-s-s-5dr/
[2025-12-03 11:31:00]   Processing 116/164: renault-grand-scenic-1-5-dci-energy-dynamique-tomtom-euro-5-s-s-5dr
[2025-12-03 11:31:00]   Fetching: https://systonautosltd.co.uk/vehicle/name/renault-grand-scenic-1-5-dci-energy-dynamique-tomtom-euro-5-s-s-5dr/
[2025-12-03 11:31:05]   Processing 117/164: vauxhall-astra-1-4i-excite-euro-6-5dr
[2025-12-03 11:31:05]   Fetching: https://systonautosltd.co.uk/vehicle/name/vauxhall-astra-1-4i-excite-euro-6-5dr/
[2025-12-03 11:31:09]   Processing 118/164: vauxhall-astra-1-4i-excite-euro-6-5dr
[2025-12-03 11:31:09]   Fetching: https://systonautosltd.co.uk/vehicle/name/vauxhall-astra-1-4i-excite-euro-6-5dr/
[2025-12-03 11:31:12]   Processing 119/164: peugeot-3008-1-6-hdi-allure-euro-5-5dr
[2025-12-03 11:31:12]   Fetching: https://systonautosltd.co.uk/vehicle/name/peugeot-3008-1-6-hdi-allure-euro-5-5dr/
[2025-12-03 11:31:15]   Processing 120/164: peugeot-3008-1-6-hdi-allure-euro-5-5dr
[2025-12-03 11:31:15]   Fetching: https://systonautosltd.co.uk/vehicle/name/peugeot-3008-1-6-hdi-allure-euro-5-5dr/
[2025-12-03 11:31:18]   Processing 121/164: hyundai-ix35-1-7-crdi-se-euro-5-s-s-5dr
[2025-12-03 11:31:18]   Fetching: https://systonautosltd.co.uk/vehicle/name/hyundai-ix35-1-7-crdi-se-euro-5-s-s-5dr/
[2025-12-03 11:31:23]   Processing 122/164: hyundai-ix35-1-7-crdi-se-euro-5-s-s-5dr
[2025-12-03 11:31:23]   Fetching: https://systonautosltd.co.uk/vehicle/name/hyundai-ix35-1-7-crdi-se-euro-5-s-s-5dr/
[2025-12-03 11:31:26]   Processing 123/164: renault-captur-1-5-dci-energy-dynamique-s-medianav-euro-5-s-s-5dr-3
[2025-12-03 11:31:26]   Fetching: https://systonautosltd.co.uk/vehicle/name/renault-captur-1-5-dci-energy-dynamique-s-medianav-euro-5-s-s-5dr-3/
[2025-12-03 11:31:28]   Processing 124/164: renault-captur-1-5-dci-energy-dynamique-s-medianav-euro-5-s-s-5dr-3
[2025-12-03 11:31:28]   Fetching: https://systonautosltd.co.uk/vehicle/name/renault-captur-1-5-dci-energy-dynamique-s-medianav-euro-5-s-s-5dr-3/
[2025-12-03 11:31:31]   Processing 125/164: vauxhall-corsa-1-2i-excite-euro-6-5dr-a-c
[2025-12-03 11:31:31]   Fetching: https://systonautosltd.co.uk/vehicle/name/vauxhall-corsa-1-2i-excite-euro-6-5dr-a-c/
[2025-12-03 11:31:34]   Processing 126/164: vauxhall-corsa-1-2i-excite-euro-6-5dr-a-c
[2025-12-03 11:31:34]   Fetching: https://systonautosltd.co.uk/vehicle/name/vauxhall-corsa-1-2i-excite-euro-6-5dr-a-c/
[2025-12-03 11:31:37]   Processing 127/164: peugeot-208-1-2-vti-puretech-style-euro-5-5dr
[2025-12-03 11:31:37]   Fetching: https://systonautosltd.co.uk/vehicle/name/peugeot-208-1-2-vti-puretech-style-euro-5-5dr/
[2025-12-03 11:31:40]   Processing 128/164: peugeot-208-1-2-vti-puretech-style-euro-5-5dr
[2025-12-03 11:31:40]   Fetching: https://systonautosltd.co.uk/vehicle/name/peugeot-208-1-2-vti-puretech-style-euro-5-5dr/
[2025-12-03 11:31:43]   Processing 129/164: ford-b-max-1-0t-ecoboost-titanium-mpv-5dr-petrol-manual-euro-5-s-s-120-ps
[2025-12-03 11:31:43]   Fetching: https://systonautosltd.co.uk/vehicle/name/ford-b-max-1-0t-ecoboost-titanium-mpv-5dr-petrol-manual-euro-5-s-s-120-ps/
[2025-12-03 11:31:46]   Processing 130/164: ford-b-max-1-0t-ecoboost-titanium-mpv-5dr-petrol-manual-euro-5-s-s-120-ps
[2025-12-03 11:31:46]   Fetching: https://systonautosltd.co.uk/vehicle/name/ford-b-max-1-0t-ecoboost-titanium-mpv-5dr-petrol-manual-euro-5-s-s-120-ps/
[2025-12-03 11:31:48]   Processing 131/164: kia-ceed-1-4-crdi-vr7-euro-5-5dr
[2025-12-03 11:31:48]   Fetching: https://systonautosltd.co.uk/vehicle/name/kia-ceed-1-4-crdi-vr7-euro-5-5dr/
[2025-12-03 11:31:51]   Processing 132/164: kia-ceed-1-4-crdi-vr7-euro-5-5dr
[2025-12-03 11:31:51]   Fetching: https://systonautosltd.co.uk/vehicle/name/kia-ceed-1-4-crdi-vr7-euro-5-5dr/
[2025-12-03 11:31:54]   Processing 133/164: vauxhall-corsa-1-4i-ecoflex-design-euro-6-5dr
[2025-12-03 11:31:54]   Fetching: https://systonautosltd.co.uk/vehicle/name/vauxhall-corsa-1-4i-ecoflex-design-euro-6-5dr/
[2025-12-03 11:31:57]   Processing 134/164: vauxhall-corsa-1-4i-ecoflex-design-euro-6-5dr
[2025-12-03 11:31:57]   Fetching: https://systonautosltd.co.uk/vehicle/name/vauxhall-corsa-1-4i-ecoflex-design-euro-6-5dr/
[2025-12-03 11:32:00]   Processing 135/164: renault-scenic-1-5-dci-dynamique-nav-euro-6-s-s-5dr
[2025-12-03 11:32:00]   Fetching: https://systonautosltd.co.uk/vehicle/name/renault-scenic-1-5-dci-dynamique-nav-euro-6-s-s-5dr/
[2025-12-03 11:32:03]   Processing 136/164: renault-scenic-1-5-dci-dynamique-nav-euro-6-s-s-5dr
[2025-12-03 11:32:03]   Fetching: https://systonautosltd.co.uk/vehicle/name/renault-scenic-1-5-dci-dynamique-nav-euro-6-s-s-5dr/
[2025-12-03 11:32:05]   Processing 137/164: hyundai-i10-1-2-classic-euro-5-5dr-2
[2025-12-03 11:32:05]   Fetching: https://systonautosltd.co.uk/vehicle/name/hyundai-i10-1-2-classic-euro-5-5dr-2/
[2025-12-03 11:32:08]   Processing 138/164: hyundai-i10-1-2-classic-euro-5-5dr-2
[2025-12-03 11:32:08]   Fetching: https://systonautosltd.co.uk/vehicle/name/hyundai-i10-1-2-classic-euro-5-5dr-2/
[2025-12-03 11:32:11]   Processing 139/164: ford-fiesta-1-0t-ecoboost-titanium-euro-5-s-s-5dr-3
[2025-12-03 11:32:11]   Fetching: https://systonautosltd.co.uk/vehicle/name/ford-fiesta-1-0t-ecoboost-titanium-euro-5-s-s-5dr-3/
[2025-12-03 11:32:14]   Processing 140/164: ford-fiesta-1-0t-ecoboost-titanium-euro-5-s-s-5dr-3
[2025-12-03 11:32:14]   Fetching: https://systonautosltd.co.uk/vehicle/name/ford-fiesta-1-0t-ecoboost-titanium-euro-5-s-s-5dr-3/
[2025-12-03 11:32:17]   Processing 141/164: citroen-c4-cactus-1-2-puretech-feel-euro-6-5dr-euro-6
[2025-12-03 11:32:17]   Fetching: https://systonautosltd.co.uk/vehicle/name/citroen-c4-cactus-1-2-puretech-feel-euro-6-5dr-euro-6/
[2025-12-03 11:32:19]   Processing 142/164: citroen-c4-cactus-1-2-puretech-feel-euro-6-5dr-euro-6
[2025-12-03 11:32:19]   Fetching: https://systonautosltd.co.uk/vehicle/name/citroen-c4-cactus-1-2-puretech-feel-euro-6-5dr-euro-6/
[2025-12-03 11:32:22]   Processing 143/164: peugeot-2008-1-2-vti-puretech-active-euro-5-5dr
[2025-12-03 11:32:22]   Fetching: https://systonautosltd.co.uk/vehicle/name/peugeot-2008-1-2-vti-puretech-active-euro-5-5dr/
[2025-12-03 11:32:25]   Processing 144/164: peugeot-2008-1-2-vti-puretech-active-euro-5-5dr
[2025-12-03 11:32:25]   Fetching: https://systonautosltd.co.uk/vehicle/name/peugeot-2008-1-2-vti-puretech-active-euro-5-5dr/
[2025-12-03 11:32:28]   Processing 145/164: peugeot-208-1-2-vti-puretech-style-euro-6-5dr
[2025-12-03 11:32:28]   Fetching: https://systonautosltd.co.uk/vehicle/name/peugeot-208-1-2-vti-puretech-style-euro-6-5dr/
[2025-12-03 11:32:31]   Processing 146/164: peugeot-208-1-2-vti-puretech-style-euro-6-5dr
[2025-12-03 11:32:31]   Fetching: https://systonautosltd.co.uk/vehicle/name/peugeot-208-1-2-vti-puretech-style-euro-6-5dr/
[2025-12-03 11:32:34]   Processing 147/164: citroen-c1-1-2-puretech-flair-euro-6-5dr
[2025-12-03 11:32:34]   Fetching: https://systonautosltd.co.uk/vehicle/name/citroen-c1-1-2-puretech-flair-euro-6-5dr/
[2025-12-03 11:32:36]   Processing 148/164: citroen-c1-1-2-puretech-flair-euro-6-5dr
[2025-12-03 11:32:36]   Fetching: https://systonautosltd.co.uk/vehicle/name/citroen-c1-1-2-puretech-flair-euro-6-5dr/
[2025-12-03 11:32:39]   Processing 149/164: alfa-romeo-giulietta-2-0-jtdm-2-lusso-euro-5-s-s-5dr
[2025-12-03 11:32:39]   Fetching: https://systonautosltd.co.uk/vehicle/name/alfa-romeo-giulietta-2-0-jtdm-2-lusso-euro-5-s-s-5dr/
[2025-12-03 11:32:42]   Processing 150/164: alfa-romeo-giulietta-2-0-jtdm-2-lusso-euro-5-s-s-5dr
[2025-12-03 11:32:42]   Fetching: https://systonautosltd.co.uk/vehicle/name/alfa-romeo-giulietta-2-0-jtdm-2-lusso-euro-5-s-s-5dr/
[2025-12-03 11:32:45]   Processing 151/164: vauxhall-mokka-1-6-exclusiv-2wd-euro-5-s-s-5dr
[2025-12-03 11:32:45]   Fetching: https://systonautosltd.co.uk/vehicle/name/vauxhall-mokka-1-6-exclusiv-2wd-euro-5-s-s-5dr/
[2025-12-03 11:32:48]   Processing 152/164: vauxhall-mokka-1-6-exclusiv-2wd-euro-5-s-s-5dr
[2025-12-03 11:32:48]   Fetching: https://systonautosltd.co.uk/vehicle/name/vauxhall-mokka-1-6-exclusiv-2wd-euro-5-s-s-5dr/
[2025-12-03 11:32:50]   Processing 153/164: vauxhall-meriva-1-4i-life-euro-6-5dr
[2025-12-03 11:32:50]   Fetching: https://systonautosltd.co.uk/vehicle/name/vauxhall-meriva-1-4i-life-euro-6-5dr/
[2025-12-03 11:32:53]   Processing 154/164: vauxhall-meriva-1-4i-life-euro-6-5dr
[2025-12-03 11:32:53]   Fetching: https://systonautosltd.co.uk/vehicle/name/vauxhall-meriva-1-4i-life-euro-6-5dr/
[2025-12-03 11:32:56]   Processing 155/164: renault-megane-1-5-dci-limited-nav-euro-6-s-s-5dr
[2025-12-03 11:32:56]   Fetching: https://systonautosltd.co.uk/vehicle/name/renault-megane-1-5-dci-limited-nav-euro-6-s-s-5dr/
[2025-12-03 11:32:59]   Processing 156/164: renault-megane-1-5-dci-limited-nav-euro-6-s-s-5dr
[2025-12-03 11:32:59]   Fetching: https://systonautosltd.co.uk/vehicle/name/renault-megane-1-5-dci-limited-nav-euro-6-s-s-5dr/
[2025-12-03 11:33:02]   Processing 157/164: citroen-c3-1-2-vti-vtr-euro-5-5dr
[2025-12-03 11:33:02]   Fetching: https://systonautosltd.co.uk/vehicle/name/citroen-c3-1-2-vti-vtr-euro-5-5dr/
[2025-12-03 11:33:05]   Processing 158/164: citroen-c3-1-2-vti-vtr-euro-5-5dr
[2025-12-03 11:33:05]   Fetching: https://systonautosltd.co.uk/vehicle/name/citroen-c3-1-2-vti-vtr-euro-5-5dr/
[2025-12-03 11:33:08]   Processing 159/164: ford-c-max-1-8-tdci-style-5dr
[2025-12-03 11:33:08]   Fetching: https://systonautosltd.co.uk/vehicle/name/ford-c-max-1-8-tdci-style-5dr/
[2025-12-03 11:33:10]   Processing 160/164: ford-c-max-1-8-tdci-style-5dr
[2025-12-03 11:33:10]   Fetching: https://systonautosltd.co.uk/vehicle/name/ford-c-max-1-8-tdci-style-5dr/
[2025-12-03 11:33:13]   Processing 161/164: ford-1-8-lx-5dr
[2025-12-03 11:33:13]   Fetching: https://systonautosltd.co.uk/vehicle/name/ford-1-8-lx-5dr/
[2025-12-03 11:33:16]   Processing 162/164: ford-1-8-lx-5dr
[2025-12-03 11:33:16]   Fetching: https://systonautosltd.co.uk/vehicle/name/ford-1-8-lx-5dr/
[2025-12-03 11:33:19]   Processing 163/164: volkswagen-golf-1-6-tdi-s-euro-5-5dr
[2025-12-03 11:33:19]   Fetching: https://systonautosltd.co.uk/vehicle/name/volkswagen-golf-1-6-tdi-s-euro-5-5dr/
[2025-12-03 11:33:22]   Processing 164/164: volkswagen-golf-1-6-tdi-s-euro-5-5dr
[2025-12-03 11:33:22]   Fetching: https://systonautosltd.co.uk/vehicle/name/volkswagen-golf-1-6-tdi-s-euro-5-5dr/
[2025-12-03 11:33:23] Saving to database...
[2025-12-03 11:33:23] Marking removed vehicles as inactive...
[2025-12-03 11:33:23] Saving JSON snapshot...
[2025-12-03 11:33:23]   Saved JSON to: C:\wamp64\www\carvendors-scraper/data/vehicles.json
[2025-12-03 11:33:23] Scrape completed successfully!
[2025-12-03 11:33:23] Stats: {"found":164,"inserted":82,"updated":0,"deactivated":0}
